Invalid accession format: genome_id
Downloading genome for accession: GCF_022453685.1
Downloaded: GCF_022453685.1
Downloading genome for accession: GCF_044361425.1
Downloaded: GCF_044361425.1
Downloading genome for accession: GCF_000012825.1
Downloaded: GCF_000012825.1
Downloading genome for accession: GCF_027667425.1
Downloaded: GCF_027667425.1
Downloading genome for accession: GCF_018279895.1
Downloaded: GCF_018279895.1
Downloading genome for accession: GCF_030864025.1
Downloaded: GCF_030864025.1
Downloading genome for accession: GCF_051861785.1
Downloaded: GCF_051861785.1
Downloading genome for accession: GCF_000154385.1
Downloaded: GCF_000154385.1
Downloading genome for accession: GCF_014863965.1
Downloaded: GCF_014863965.1
Downloading genome for accession: GCF_025148125.1
Downloaded: GCF_025148125.1
Downloading genome for accession: GCF_000160055.1
Downloaded: GCF_000160055.1
Downloading genome for accession: GCF_040096575.1
Downloaded: GCF_040096575.1
Downloading genome for accession: GCF_900167555.1
Downloaded: GCF_900167555.1
Downloading genome for accession: GCF_000154525.1
Downloaded: GCF_000154525.1
Downloading genome for accession: GCF_001314995.1
Downloaded: GCF_001314995.1
Downloading genome for accession: GCF_020091505.1
Downloaded: GCF_020091505.1
Downloading genome for accession: GCF_000146185.1
Downloaded: GCF_000146185.1
Downloading genome for accession: GCF_050048615.1
Downloaded: GCF_050048615.1
Downloading genome for accession: GCF_001025195.1
Downloaded: GCF_001025195.1
Downloading genome for accession: GCF_000196555.1
Downloaded: GCF_000196555.1
Downloading genome for accession: GCF_025152405.1
Downloaded: GCF_025152405.1
Downloading genome for accession: GCF_000296465.1
Downloaded: GCF_000296465.1
Invalid accession format: NA
Invalid accession format: NA
Invalid accession format: NA
Downloading genome for accession: GCF_020554845.1
Downloaded: GCF_020554845.1
Downloading genome for accession: GCF_013009555.1
Downloaded: GCF_013009555.1
Downloading genome for accession: GCA_001641065.1
Downloaded: GCA_001641065.1
Invalid accession format: NA
Downloading genome for accession: GCF_018140635.1
Downloaded: GCF_018140635.1
Downloading genome for accession: GCF_016724805.1
Downloaded: GCF_016724805.1
Downloading genome for accession: GCF_010509075.1
Downloaded: GCF_010509075.1
Downloading genome for accession: GCF_003473545.1
Downloaded: GCF_003473545.1
Downloading genome for accession: GCF_045002895.1
Downloaded: GCF_045002895.1
Downloading genome for accession: GCF_040093675.1
Downloaded: GCF_040093675.1
Downloading genome for accession: GCF_020731525.1
Downloaded: GCF_020731525.1
Invalid accession format: NA
Invalid accession format: NA
Downloading genome for accession: GCF_022453915.1
Downloaded: GCF_022453915.1
Downloading genome for accession: GCF_000025985.1
Downloaded: GCF_000025985.1
Downloading genome for accession: GCF_009831375.1
Downloaded: GCF_009831375.1
Downloading genome for accession: GCF_900187175.1
Downloaded: GCF_900187175.1
Downloading genome for accession: GCF_038439875.1
Downloaded: GCF_038439875.1
Invalid accession format: NA
Downloading genome for accession: GCF_036321785.1
Downloaded: GCF_036321785.1
Downloading genome for accession: GCF_014287435.1
Downloaded: GCF_014287435.1
Downloading genome for accession: GCF_016728785.1
Downloaded: GCF_016728785.1
Downloading genome for accession: GCF_019734885.1
Downloaded: GCF_019734885.1
Downloading genome for accession: GCF_033096465.1
Downloaded: GCF_033096465.1
Downloading genome for accession: GCF_025567015.1
Downloaded: GCF_025567015.1
Downloading genome for accession: GCF_003477705.1
Downloaded: GCF_003477705.1
Invalid accession format: contaminated
Downloading genome for accession: GCF_021378605.1
Downloaded: GCF_021378605.1
Downloading genome for accession: GCF_025150245.1
Downloaded: GCF_025150245.1
Downloading genome for accession: GCF_010508875.1
Downloaded: GCF_010508875.1
Invalid accession format: NA
Downloading genome for accession: GCF_025150085.1
Downloaded: GCF_025150085.1
Downloading genome for accession: GCF_000225345.1
Downloaded: GCF_000225345.1
Invalid accession format: NA
Downloading genome for accession: GCF_003478335.1
Downloaded: GCF_003478335.1
Downloading genome for accession: GCF_014384965.1
Downloaded: GCF_014384965.1
Invalid accession format: NA
Downloading genome for accession: GCF_042846195.1
Downloaded: GCF_042846195.1
Downloading genome for accession: GCF_003478505.1
Downloaded: GCF_003478505.1
Downloading genome for accession: GCF_025149465.1
Downloaded: GCF_025149465.1
Downloading genome for accession: GCF_014306095.1
Downloaded: GCF_014306095.1
Downloading genome for accession: GCF_003475105.1
Downloaded: GCF_003475105.1
Downloading genome for accession: GCF_020686945.1
Downloaded: GCF_020686945.1
Invalid accession format: NA
Downloading genome for accession: GCF_025147765.1
Downloaded: GCF_025147765.1
Invalid accession format: NA
Invalid accession format: NA
Downloading genome for accession: GCF_000253315.1
Downloaded: GCF_000253315.1
Downloading genome for accession: GCF_000010425.1
Downloaded: GCF_000010425.1
Downloading genome for accession: GCF_000185705.2
Downloaded: GCF_000185705.2
Invalid accession format: NA
Downloading genome for accession: GCF_006542645.1
Downloaded: GCF_006542645.1
Invalid accession format: NA
Downloading genome for accession: GCA_018223375.1
Downloaded: GCA_018223375.1
Invalid accession format: NA
Downloading genome for accession: GCF_003814745.1
Downloaded: GCF_003814745.1
Downloading genome for accession: GCF_006542685.1
Downloaded: GCF_006542685.1
Downloading genome for accession: GCF_012317185.1
Downloaded: GCF_012317185.1
Downloading genome for accession: GCF_014982855.1
Downloaded: GCF_014982855.1
Downloading genome for accession: GCA_046983805.1
Downloaded: GCA_046983805.1
Downloading genome for accession: GCF_003459085.1
Downloaded: GCF_003459085.1
Downloading genome for accession: GCF_900537995.1
Downloaded: GCF_900537995.1
Downloading genome for accession: GCF_003480315.1
Downloaded: GCF_003480315.1
Downloading genome for accession: GCA_001305135.1
Downloaded: GCA_001305135.1
Invalid accession format: NA
Downloading genome for accession: GCF_014337175.1
Downloaded: GCF_014337175.1
Downloading genome for accession: GCF_040545455.1
Downloaded: GCF_040545455.1
Downloading genome for accession: GCA_020540725.1
Downloaded: GCA_020540725.1
Downloading genome for accession: GCF_900186885.1
Downloaded: GCF_900186885.1
Invalid accession format: NA
Downloading genome for accession: GCF_000278725.1
Downloaded: GCF_000278725.1
Invalid accession format: NA
Invalid accession format: NA
Invalid accession format: NA
Downloading genome for accession: GCF_900199545.1
Downloaded: GCF_900199545.1
Invalid accession format: NA
Downloading genome for accession: GCF_023008305.1
Downloaded: GCF_023008305.1
Downloading genome for accession: GCF_042852765.1
Downloaded: GCF_042852765.1
Downloading genome for accession: GCF_000164675.2
Downloaded: GCF_000164675.2
Downloading genome for accession: GCF_010669205.1
Downloaded: GCF_010669205.1
Downloading genome for accession: GCF_012273195.1
Downloaded: GCF_012273195.1
Downloading genome for accession: GCF_021531915.1
Downloaded: GCF_021531915.1
Downloading genome for accession: GCF_900637515.1
Downloaded: GCF_900637515.1
Invalid accession format: NA
Invalid accession format: NA
Downloading genome for accession: GCF_902375065.1
Downloaded: GCF_902375065.1
Downloading genome for accession: GCF_003024655.1
Downloaded: GCF_003024655.1
Downloading genome for accession: GCF_003461765.1
Downloaded: GCF_003461765.1
Invalid accession format: NA
Downloading genome for accession: GCF_000478885.1
Downloaded: GCF_000478885.1
Downloading genome for accession: GCF_016900655.1
Downloaded: GCF_016900655.1
Downloading genome for accession: GCF_002959775.1
Downloaded: GCF_002959775.1
Downloading genome for accession: GCF_025148965.1
Downloaded: GCF_025148965.1
Downloading genome for accession: GCF_042850985.1
Downloaded: GCF_042850985.1
Downloading genome for accession: GCF_000314795.2
Downloaded: GCF_000314795.2
Downloading genome for accession: GCF_900476055.1
Downloaded: GCF_900476055.1
Downloading genome for accession: GCF_001025175.1
Downloaded: GCF_001025175.1
Invalid accession format: NA
Invalid accession format: NA
Downloading genome for accession: GCF_003463065.1
Downloaded: GCF_003463065.1
Downloading genome for accession: GCF_024622975.1
Downloaded: GCF_024622975.1
Downloading genome for accession: GCF_018785565.1
Downloaded: GCF_018785565.1
Downloading genome for accession: GCF_000008865.2
Downloaded: GCF_000008865.2
Downloading genome for accession: GCF_900095865.1
Downloaded: GCF_900095865.1
Downloading genome for accession: GCF_042849935.1
Downloaded: GCF_042849935.1
Downloading genome for accession: GCF_900186585.1
Downloaded: GCF_900186585.1
Downloading genome for accession: GCF_014131755.1
Downloaded: GCF_014131755.1
Downloading genome for accession: GCF_000371705.1
Downloaded: GCF_000371705.1
Downloading genome for accession: GCF_009730295.1
Downloaded: GCF_009730295.1
Downloading genome for accession: GCF_001281025.1
Downloaded: GCF_001281025.1
Downloading genome for accession: GCF_000175615.1
Downloaded: GCF_000175615.1
Downloading genome for accession: GCF_900604335.1
Downloaded: GCF_900604335.1
Downloading genome for accession: GCF_014269355.1
Downloaded: GCF_014269355.1
Downloading genome for accession: GCF_015550045.1
Downloaded: GCF_015550045.1
Downloading genome for accession: GCF_903886475.1
Downloaded: GCF_903886475.1
Downloading genome for accession: GCF_900106845.1
Downloaded: GCF_900106845.1
Downloading genome for accession: GCF_000014425.1
Downloaded: GCF_000014425.1
Downloading genome for accession: GCF_900636445.1
Downloaded: GCF_900636445.1
Downloading genome for accession: GCF_003176835.1
Downloaded: GCF_003176835.1
Downloading genome for accession: GCF_019048645.1
Downloaded: GCF_019048645.1
Downloading genome for accession: GCF_003268275.1
Downloaded: GCF_003268275.1
Downloading genome for accession: GCF_900475505.1
Downloaded: GCF_900475505.1
Invalid accession format: NA
Invalid accession format: NA
Invalid accession format: NA
Invalid accession format: NA
Downloading genome for accession: GCF_000949455.1
Downloaded: GCF_000949455.1
Downloading genome for accession: GCF_900637025.1
Downloaded: GCF_900637025.1
Downloading genome for accession: GCF_016127855.1
Downloaded: GCF_016127855.1
Downloading genome for accession: GCF_000577815.1
Downloaded: GCF_000577815.1
Downloading genome for accession: GCF_019046945.1
Downloaded: GCF_019046945.1
Downloading genome for accession: GCF_003798325.1
Downloaded: GCF_003798325.1
Downloading genome for accession: GCF_000220835.1
Downloaded: GCF_000220835.1
Downloading genome for accession: GCF_900636475.1
Downloaded: GCF_900636475.1
Downloading genome for accession: GCF_000239695.1
Downloaded: GCF_000239695.1
Invalid accession format: NA
Downloading genome for accession: GCF_022835095.1
Downloaded: GCF_022835095.1
Downloading genome for accession: GCA_007845485.1
Downloaded: GCA_007845485.1
Downloading genome for accession: GCF_002959935.1
Downloaded: GCF_002959935.1
Downloading genome for accession: GCF_001042595.1
Downloaded: GCF_001042595.1
Downloading genome for accession: GCF_002998925.1
Downloaded: GCF_002998925.1
Invalid accession format: NA
Downloading genome for accession: GCF_000429265.1
Downloaded: GCF_000429265.1
Downloading genome for accession: GCF_017894325.1
Downloaded: GCF_017894325.1
Downloading genome for accession: GCF_014287815.1
Downloaded: GCF_014287815.1
Downloading genome for accession: GCF_000014445.1
Downloaded: GCF_000014445.1
Downloading genome for accession: GCF_018292205.1
Downloaded: GCF_018292205.1
Downloading genome for accession: GCF_009676365.1
Downloaded: GCF_009676365.1
Downloading genome for accession: GCF_000155515.2
Downloaded: GCF_000155515.2
Downloading genome for accession: GCF_000178095.1
Downloaded: GCF_000178095.1
Downloading genome for accession: GCF_045866535.1
Downloaded: GCF_045866535.1
Downloading genome for accession: GCF_000321025.1
Downloaded: GCF_000321025.1
Downloading genome for accession: GCF_001434255.1
Downloaded: GCF_001434255.1
Invalid accession format: NA
Downloading genome for accession: GCF_001434145.1
Downloaded: GCF_001434145.1
Downloading genome for accession: GCF_007954525.1
Downloaded: GCF_007954525.1
Downloading genome for accession: GCF_014879295.1
Downloaded: GCF_014879295.1
Downloading genome for accession: GCF_009913655.1
Downloaded: GCF_009913655.1
Invalid accession format: NA
Downloading genome for accession: GCF_023347705.1
Downloaded: GCF_023347705.1
Downloading genome for accession: GCF_004101845.1
Downloaded: GCF_004101845.1
Downloading genome for accession: GCF_002160675.1
Downloaded: GCF_002160675.1
Downloading genome for accession: GCF_000154825.1
Downloaded: GCF_000154825.1
Invalid accession format: NA
Downloading genome for accession: GCF_016127955.1
Downloaded: GCF_016127955.1
Downloading genome for accession: GCF_963540955.1
Downloaded: GCF_963540955.1
Invalid accession format: contaminated
Downloading genome for accession: GCF_036323475.1
Downloaded: GCF_036323475.1
Downloading genome for accession: GCF_001434295.1
Downloaded: GCF_001434295.1
Downloading genome for accession: GCF_030408675.1
Downloaded: GCF_030408675.1
Downloading genome for accession: GCF_900454715.1
Downloaded: GCF_900454715.1
Invalid accession format: NA
Downloading genome for accession: GCF_900475445.1
Downloaded: GCF_900475445.1
Downloading genome for accession: GCF_004785935.1
Downloaded: GCF_004785935.1
Downloading genome for accession: GCF_000296505.1
Downloaded: GCF_000296505.1
Downloading genome for accession: GCF_003019695.1
Downloaded: GCF_003019695.1
Downloading genome for accession: GCF_000024225.1
Downloaded: GCF_000024225.1
Downloading genome for accession: GCF_000466165.1
Downloaded: GCF_000466165.1
Downloading genome for accession: GCF_008121455.1
Downloaded: GCF_008121455.1
Downloading genome for accession: GCF_002222595.2
Downloaded: GCF_002222595.2
Downloading genome for accession: GCF_900087655.1
Downloaded: GCF_900087655.1
Downloading genome for accession: GCF_024622195.1
Downloaded: GCF_024622195.1
Invalid accession format: NA
Downloading genome for accession: GCF_025149285.1
Downloaded: GCF_025149285.1
Invalid accession format: NA
Downloading genome for accession: GCF_003475485.1
Downloaded: GCF_003475485.1
Downloading genome for accession: GCF_010537335.1
Downloaded: GCF_010537335.1
Downloading genome for accession: GCF_009734005.1
Downloaded: GCF_009734005.1
Downloading genome for accession: GCF_900445495.1
Downloaded: GCF_900445495.1
Downloading genome for accession: GCF_000022965.1
Downloaded: GCF_000022965.1
Downloading genome for accession: GCF_013267695.1
Downloaded: GCF_013267695.1
Downloading genome for accession: GCA_963629905.1
Downloaded: GCA_963629905.1
Downloading genome for accession: GCF_000468955.1
Downloaded: GCF_000468955.1
Downloading genome for accession: GCF_016127255.1
Downloaded: GCF_016127255.1
Downloading genome for accession: GCF_031191545.1
Downloaded: GCF_031191545.1
Invalid accession format: NA
Downloading genome for accession: GCF_000287615.1
Downloaded: GCF_000287615.1
Invalid accession format: NA
Downloading genome for accession: GCF_000269565.1
Downloaded: GCF_000269565.1
Downloading genome for accession: GCF_000262545.1
Downloaded: GCF_000262545.1
Downloading genome for accession: GCF_900454955.1
Downloaded: GCF_900454955.1
Downloading genome for accession: GCF_001552785.1
Downloaded: GCF_001552785.1
Downloading genome for accession: GCF_900103815.1
Downloaded: GCF_900103815.1
Downloading genome for accession: GCF_000172175.1
Downloaded: GCF_000172175.1
Downloading genome for accession: GCF_016900595.1
Downloaded: GCF_016900595.1
Invalid accession format: NA
Downloading genome for accession: GCF_009697165.1
Downloaded: GCF_009697165.1
Downloading genome for accession: GCF_025149785.1
Downloaded: GCF_025149785.1
Downloading genome for accession: GCF_001517625.2
Downloaded: GCF_001517625.2
Invalid accession format: NA
Invalid accession format: NA
Downloading genome for accession: GCF_030296935.1
Downloaded: GCF_030296935.1
Downloading genome for accession: GCF_003432035.1
Downloaded: GCF_003432035.1
Downloading genome for accession: GCF_044591705.1
Downloaded: GCF_044591705.1
Downloading genome for accession: GCF_045061075.1
Downloaded: GCF_045061075.1
Invalid accession format: NA
Downloading genome for accession: GCF_027698965.1
Downloaded: GCF_027698965.1
Invalid accession format: NA
Invalid accession format: NA
Invalid accession format: NA
Invalid accession format: NA
Invalid accession format: NA
Downloading genome for accession: GCF_900566185.1
Downloaded: GCF_900566185.1
Invalid accession format: NA
Invalid accession format: NA
Downloading genome for accession: GCF_025145845.1
Downloaded: GCF_025145845.1
Downloading genome for accession: GCA_963587365.1
Downloaded: GCA_963587365.1
Invalid accession format: NA
Invalid accession format: NA
Invalid accession format: NA
Invalid accession format: NA
Downloading genome for accession: GCF_004295125.1
Downloaded: GCF_004295125.1
Downloading genome for accession: GCF_018406465.1
Downloaded: GCF_018406465.1
Invalid accession format: NA
Invalid accession format: NA
Invalid accession format: NA
Downloading genome for accession: GCF_009696065.1
Downloaded: GCF_009696065.1
Invalid accession format: NA
Invalid accession format: NA
Invalid accession format: NA
Invalid accession format: NA
Invalid accession format: NA
Invalid accession format: NA
Invalid accession format: NA
Invalid accession format: NA
Downloading genome for accession: GCF_003019675.1
Downloaded: GCF_003019675.1
Downloading genome for accession: GCF_042855405.1
Downloaded: GCF_042855405.1
Downloading genome for accession: GCF_000327285.1
Downloaded: GCF_000327285.1
Downloading genome for accession: GCF_001888925.1
Downloaded: GCF_001888925.1
Downloading genome for accession: GCF_016127215.1
Downloaded: GCF_016127215.1
Invalid accession format: NA
Downloading genome for accession: GCF_008632235.1
Downloaded: GCF_008632235.1
Downloading genome for accession: GCF_003287895.1
Downloaded: GCF_003287895.1
Downloading genome for accession: GCF_018408575.1
Downloaded: GCF_018408575.1
Downloading genome for accession: GCF_018289135.1
Downloaded: GCF_018289135.1
Invalid accession format: NA
Downloading genome for accession: GCF_021730445.1
Downloaded: GCF_021730445.1
Invalid accession format: NA
Invalid accession format: NA
Downloading genome for accession: GCF_009731575.1
Downloaded: GCF_009731575.1
Downloading genome for accession: GCF_900130125.1
Downloaded: GCF_900130125.1
Invalid accession format: NA
Downloading genome for accession: GCF_003435975.1
Downloaded: GCF_003435975.1
Invalid accession format: NA
Invalid accession format: NA
Downloading genome for accession: GCF_002127965.1
Downloaded: GCF_002127965.1
Downloading genome for accession: GCF_014333425.1
Downloaded: GCF_014333425.1
Downloading genome for accession: GCF_000152245.2
Downloaded: GCF_000152245.2
Downloading genome for accession: GCF_900129135.1
Downloaded: GCF_900129135.1
Invalid accession format: NA
Invalid accession format: NA
Invalid accession format: NA
Invalid accession format: NA
Downloading genome for accession: GCF_001244995.1
Downloaded: GCF_001244995.1
Downloading genome for accession: GCF_041331195.1
Downloaded: GCF_041331195.1
Downloading genome for accession: GCA_020555605.1
Downloaded: GCA_020555605.1
Downloading genome for accession: GCF_009834925.2
Downloaded: GCF_009834925.2
Invalid accession format: NA
Downloading genome for accession: GCA_003479325.1
Downloaded: GCA_003479325.1
Downloading genome for accession: GCF_900169495.1
Downloaded: GCF_900169495.1
Downloading genome for accession: GCA_000158655.1
Downloaded: GCA_000158655.1
Downloading genome for accession: GCF_014202115.1
Downloaded: GCF_014202115.1
Invalid accession format: NA
Downloading genome for accession: GCF_017815575.1
Downloaded: GCF_017815575.1
Downloading genome for accession: GCF_003464085.1
Downloaded: GCF_003464085.1
Invalid accession format: NA
Downloading genome for accession: GCF_014287675.1
Downloaded: GCF_014287675.1
Invalid accession format: NA
Invalid accession format: NA
Downloading genome for accession: GCF_014384805.1
Downloaded: GCF_014384805.1
Downloading genome for accession: GCF_004216775.1
Downloaded: GCF_004216775.1
Downloading genome for accession: GCF_003480105.1
Downloaded: GCF_003480105.1
Downloading genome for accession: GCF_900186995.1
Downloaded: GCF_900186995.1
Downloading genome for accession: GCF_001261775.1
Downloaded: GCF_001261775.1
Downloading genome for accession: GCF_020181435.1
Downloaded: GCF_020181435.1
Downloading genome for accession: GCF_001486165.1
Downloaded: GCF_001486165.1
Invalid accession format: NA
Invalid accession format: NA
Downloading genome for accession: GCF_014287275.1
Downloaded: GCF_014287275.1
Invalid accession format: NA
Downloading genome for accession: GCF_023499275.1
Downloaded: GCF_023499275.1
Downloading genome for accession: GCF_002813755.1
Downloaded: GCF_002813755.1
Downloading genome for accession: GCF_000393015.1
Downloaded: GCF_000393015.1
Downloading genome for accession: GCF_001951095.1
Downloaded: GCF_001951095.1
Downloading genome for accession: GCF_001750725.1
Downloaded: GCF_001750725.1
Downloading genome for accession: GCF_000169255.2
Downloaded: GCF_000169255.2
Downloading genome for accession: GCF_019048245.1
Downloaded: GCF_019048245.1
Downloading genome for accession: GCF_001553605.1
Downloaded: GCF_001553605.1
Invalid accession format: NA
Downloading genome for accession: GCF_015139575.1
Downloaded: GCF_015139575.1
Downloading genome for accession: GCA_037245345.1
Downloaded: GCA_037245345.1
Invalid accession format: NA
Invalid accession format: NA
Downloading genome for accession: GCF_023023125.1
Downloaded: GCF_023023125.1
Downloading genome for accession: GCF_900451065.1
Downloaded: GCF_900451065.1
Downloading genome for accession: GCF_024499545.1
Downloaded: GCF_024499545.1
Invalid accession format: NA
Invalid accession format: NA
Downloading genome for accession: GCF_014337215.1
Downloaded: GCF_014337215.1
Invalid accession format: NA
Invalid accession format: NA
Invalid accession format: NA
Downloading genome for accession: GCF_007954605.1
Downloaded: GCF_007954605.1
Downloading genome for accession: GCF_013046825.1
Downloaded: GCF_013046825.1
Invalid accession format: NA
Invalid accession format: NA
Downloading genome for accession: GCF_900074625.1
Downloaded: GCF_900074625.1
Downloading genome for accession: GCF_004353185.1
Downloaded: GCF_004353185.1
Downloading genome for accession: GCF_030127605.1
Downloaded: GCF_030127605.1
Downloading genome for accession: GCF_000298875.1
Downloaded: GCF_000298875.1
Downloading genome for accession: GCF_016127275.1
Downloaded: GCF_016127275.1
Downloading genome for accession: GCF_007954785.1
Downloaded: GCF_007954785.1
Downloading genome for accession: GCF_006770265.1
Downloaded: GCF_006770265.1
Downloading genome for accession: GCF_003096635.1
Downloaded: GCF_003096635.1
Downloading genome for accession: GCF_000308275.2
Downloaded: GCF_000308275.2
Invalid accession format: NA
Invalid accession format: NA
Downloading genome for accession: GCA_000758905.1
Downloaded: GCA_000758905.1
Invalid accession format: NA
Invalid accession format: NA
Downloading genome for accession: GCF_020735445.1
Downloaded: GCF_020735445.1
Downloading genome for accession: GCF_900128455.1
Downloaded: GCF_900128455.1
Downloading genome for accession: GCA_048415895.1
Downloaded: GCA_048415895.1
Invalid accession format: NA
Downloading genome for accession: GCF_014337155.1
Downloaded: GCF_014337155.1
Invalid accession format: NA
Invalid accession format: NA
Invalid accession format: NA
Downloading genome for accession: GCF_000154465.1
Downloaded: GCF_000154465.1
Downloading genome for accession: GCF_027688575.1
Downloaded: GCF_027688575.1
Invalid accession format: NA
Invalid accession format: NA
Invalid accession format: NA
Invalid accession format: NA
Invalid accession format: NA
Invalid accession format: NA
Downloading genome for accession: GCF_029675045.1
Downloaded: GCF_029675045.1
Downloading genome for accession: GCF_018918025.1
Downloaded: GCF_018918025.1
Invalid accession format: NA
Invalid accession format: NA
Invalid accession format: NA
Downloading genome for accession: GCF_014384985.1
Downloaded: GCF_014384985.1
Downloading genome for accession: GCF_928721995.1
Downloaded: GCF_928721995.1
Invalid accession format: NA
Invalid accession format: NA
Downloading genome for accession: GCF_000765235.1
Downloaded: GCF_000765235.1
Invalid accession format: NA
Downloading genome for accession: GCF_937907355.1
Downloaded: GCF_937907355.1
Invalid accession format: NA
Downloading genome for accession: GCF_000233955.1
Downloaded: GCF_000233955.1
Downloading genome for accession: GCF_009696075.1
Downloaded: GCF_009696075.1
Invalid accession format: NA
Invalid accession format: NA
Invalid accession format: NA
Downloading genome for accession: GCF_006542665.1
Downloaded: GCF_006542665.1
Invalid accession format: NA
Invalid accession format: NA
Invalid accession format: NA
Invalid accession format: NA
Invalid accession format: NA
Invalid accession format: NA
Invalid accession format: NA
Invalid accession format: NA
Invalid accession format: NA
Invalid accession format: NA
Invalid accession format: NA
Downloading genome for accession: GCF_025144995.1
Downloaded: GCF_025144995.1
Invalid accession format: NA
Invalid accession format: NA
Downloading genome for accession: GCA_963646745.1
Downloaded: GCA_963646745.1
Invalid accession format: NA
Downloading genome for accession: GCF_015097455.1
Downloaded: GCF_015097455.1
Invalid accession format: NA
Downloading genome for accession: GCF_013300845.1
Downloaded: GCF_013300845.1
Downloading genome for accession: GCF_003416765.1
Downloaded: GCF_003416765.1
Invalid accession format: NA
Invalid accession format: NA
Invalid accession format: NA
Invalid accession format: NA
Invalid accession format: NA
Downloading genome for accession: GCF_025148635.1
Downloaded: GCF_025148635.1
Invalid accession format: NA
Downloading genome for accession: GCF_027677115.1
Downloaded: GCF_027677115.1
Invalid accession format: NA
Invalid accession format: NA
Invalid accession format: NA
Invalid accession format: NA
Invalid accession format: NA
Downloading genome for accession: GCF_000284635.1
Downloaded: GCF_000284635.1
Invalid accession format: NA
Downloading genome for accession: GCF_025149915.1
Downloaded: GCF_025149915.1
Invalid accession format: NA
Invalid accession format: NA
Invalid accession format: NA
Downloading genome for accession: GCF_003096415.1
Downloaded: GCF_003096415.1
Downloading genome for accession: GCF_000296445.1
Downloaded: GCF_000296445.1
Downloading genome for accession: GCF_000187895.1
Downloaded: GCF_000187895.1
Invalid accession format: NA
Invalid accession format: NA
Invalid accession format: NA
Downloading genome for accession: GCF_014192995.1
Downloaded: GCF_014192995.1
Invalid accession format: NA
Downloading genome for accession: GCF_013304825.1
Downloaded: GCF_013304825.1
Invalid accession format: NA
Invalid accession format: NA
Invalid accession format: NA
Invalid accession format: NA
Invalid accession format: NA
Invalid accession format: NA
Downloading genome for accession: GCF_900624755.1
Downloaded: GCF_900624755.1
Invalid accession format: NA
Invalid accession format: NA
Downloading genome for accession: GCF_014385005.1
Downloaded: GCF_014385005.1
Invalid accession format: NA
Invalid accession format: NA
Downloading genome for accession: GCF_003204205.1
Downloaded: GCF_003204205.1
Downloading genome for accession: GCF_025144665.1
Downloaded: GCF_025144665.1
Downloading genome for accession: GCA_003478355.1
Downloaded: GCA_003478355.1
Invalid accession format: NA
Invalid accession format: NA
Downloading genome for accession: GCA_020560725.1
Downloaded: GCA_020560725.1
Invalid accession format: NA
Invalid accession format: NA
Invalid accession format: NA
Downloading genome for accession: GCF_000225705.1
Downloaded: GCF_000225705.1
Invalid accession format: NA
Invalid accession format: NA
Invalid accession format: NA
Invalid accession format: NA
Invalid accession format: NA
Invalid accession format: NA
Downloading genome for accession: GCF_020091425.1
Downloaded: GCF_020091425.1
Invalid accession format: NA
Invalid accession format: NA
Downloading genome for accession: GCF_018292125.1
Downloaded: GCF_018292125.1
Invalid accession format: NA
Invalid accession format: NA
Downloading genome for accession: GCA_003435055.1
Downloaded: GCA_003435055.1
Downloading genome for accession: GCA_018223365.1
Downloaded: GCA_018223365.1
Invalid accession format: NA
Invalid accession format: NA
Invalid accession format: NA
Invalid accession format: NA
Downloading genome for accession: GCA_018223385.1
Downloaded: GCA_018223385.1
Invalid accession format: NA
Downloading genome for accession: GCF_018917925.1
Downloaded: GCF_018917925.1
Invalid accession format: NA
Invalid accession format: NA
Downloading genome for accession: GCA_003479725.1
Downloaded: GCA_003479725.1
Downloading genome for accession: GCF_003574295.1
Downloaded: GCF_003574295.1
Downloading genome for accession: GCF_003479405.1
Downloaded: GCF_003479405.1
Invalid accession format: NA
Invalid accession format: NA
Invalid accession format: NA
Invalid accession format: NA
Invalid accession format: NA
Downloading genome for accession: GCF_900155395.1
Downloaded: GCF_900155395.1
Invalid accession format: NA
Invalid accession format: NA
Invalid accession format: NA
Invalid accession format: NA
Invalid accession format: NA
Invalid accession format: NA
Downloading genome for accession: GCF_009695545.1
Downloaded: GCF_009695545.1
Invalid accession format: NA
